<?xml version="1.0" encoding="UTF-8"?>
<!-- Generated by org.testng.reporters.JUnitXMLReporter -->
<testsuite hostname="MEDLGJ620G2" name="Integration  Test 1" tests="2" failures="2" timestamp="21 Sep 2017 18:13:41 GMT" time="31.117" errors="0">
  <testcase name="validateSignInNavigation" time="14.953" classname="Merck.Homepage2">
    <failure type="java.lang.AssertionError" message="expected [FEATURED COURSE] but found [FEATURED COURSES]">
      <![CDATA[java.lang.AssertionError: expected [FEATURED COURSE] but found [FEATURED COURSES]
	at Merck.Homepage2.validateSignInNavigation(Homepage2.java:23)
... Removed 29 stack frames]]>
    </failure>
  </testcase> <!-- validateSignInNavigation -->
  <testcase name="validateSignInNavigation" time="13.692" classname="Merck.Homepage2">
    <failure type="java.lang.AssertionError" message="expected [FEATURED COURSE] but found [FEATURED COURSES]">
      <![CDATA[java.lang.AssertionError: expected [FEATURED COURSE] but found [FEATURED COURSES]
	at Merck.Homepage2.validateSignInNavigation(Homepage2.java:23)
... Removed 29 stack frames]]>
    </failure>
  </testcase> <!-- validateSignInNavigation -->
</testsuite> <!-- Integration  Test 1 -->
